<?xml version="1.0" encoding="UTF-8"?>
<!-- Generated by org.testng.reporters.JUnitReportReporter -->
<testsuite hostname="DESKTOP-873TLK1" failures="0" tests="1" name="com.guru99bank.TestCases.TC_Login_Page" time="249.403" errors="0" timestamp="2020-01-24T15:59:51 IST" skipped="0">
  <testcase classname="com.guru99bank.TestCases.TC_Login_Page" name="Login_Page" time="249.403"/>
  <system-out/>
</testsuite> <!-- com.guru99bank.TestCases.TC_Login_Page -->
